<?xml version="1.0" encoding="UTF-8"?>
<testng-results ignored="0" total="1" passed="1" failed="0" skipped="0">
  <reporter-output>
  </reporter-output>
  <suite started-at="2025-06-13T04:29:58 IST" name="Cucumber Test Suite" finished-at="2025-06-13T04:30:06 IST" duration-ms="7659">
    <groups>
      <group name="cucumber">
        <method signature="AbstractTestNGCucumberTests.runScenario(io.cucumber.testng.PickleWrapper,io.cucumber.testng.FeatureWrapper)[pri:0, instance:walmart.mobileautomation.runners.TestRunner@778d1062]" name="runScenario" class="io.cucumber.testng.AbstractTestNGCucumberTests"/>
      </group> <!-- cucumber -->
    </groups>
    <test started-at="2025-06-13T04:29:58 IST" name="Cucumber Tests" finished-at="2025-06-13T04:30:06 IST" duration-ms="7659">
      <class name="walmart.mobileautomation.runners.TestRunner">
        <test-method is-config="true" signature="setUpClass(org.testng.ITestContext)[pri:0, instance:walmart.mobileautomation.runners.TestRunner@778d1062]" started-at="2025-06-13T04:29:58 IST" name="setUpClass" finished-at="2025-06-13T04:29:58 IST" duration-ms="170" status="PASS">
          <params>
            <param index="0">
              <value>
                <![CDATA[org.testng.TestRunner@546621c4]]>
              </value>
            </param>
          </params>
          <reporter-output>
          </reporter-output>
        </test-method> <!-- setUpClass -->
        <test-method signature="runScenario(io.cucumber.testng.PickleWrapper,io.cucumber.testng.FeatureWrapper)[pri:0, instance:walmart.mobileautomation.runners.TestRunner@778d1062]" started-at="2025-06-13T04:29:58 IST" name="runScenario" description="Runs Cucumber Scenarios" data-provider="scenarios" finished-at="2025-06-13T04:30:06 IST" duration-ms="7444" status="PASS">
          <params>
            <param index="0">
              <value>
                <![CDATA["Start Appium Server"]]>
              </value>
            </param>
            <param index="1">
              <value>
                <![CDATA["Title of your feature"]]>
              </value>
            </param>
          </params>
          <reporter-output>
          </reporter-output>
        </test-method> <!-- runScenario -->
        <test-method is-config="true" signature="tearDownClass()[pri:0, instance:walmart.mobileautomation.runners.TestRunner@778d1062]" started-at="2025-06-13T04:30:06 IST" name="tearDownClass" finished-at="2025-06-13T04:30:06 IST" duration-ms="34" status="PASS">
          <reporter-output>
          </reporter-output>
        </test-method> <!-- tearDownClass -->
      </class> <!-- walmart.mobileautomation.runners.TestRunner -->
    </test> <!-- Cucumber Tests -->
  </suite> <!-- Cucumber Test Suite -->
</testng-results>
