<?xml version="1.0" encoding="UTF-8"?>
<testng-results ignored="0" total="1" passed="1" failed="0" skipped="0">
  <reporter-output>
  </reporter-output>
  <suite started-at="2025-06-13T03:47:17 IST" name="Default suite" finished-at="2025-06-13T03:47:17 IST" duration-ms="269">
    <groups>
      <group name="cucumber">
        <method signature="AbstractTestNGCucumberTests.runScenario(io.cucumber.testng.PickleWrapper,io.cucumber.testng.FeatureWrapper)[pri:0, instance:walmart.mobileautomation.runners.TestRunner@4466af20]" name="runScenario" class="io.cucumber.testng.AbstractTestNGCucumberTests"/>
      </group> <!-- cucumber -->
    </groups>
    <test started-at="2025-06-13T03:47:17 IST" name="Default test" finished-at="2025-06-13T03:47:17 IST" duration-ms="269">
      <class name="walmart.mobileautomation.runners.TestRunner">
        <test-method is-config="true" signature="setUpClass(org.testng.ITestContext)[pri:0, instance:walmart.mobileautomation.runners.TestRunner@4466af20]" started-at="2025-06-13T03:47:17 IST" name="setUpClass" finished-at="2025-06-13T03:47:17 IST" duration-ms="182" status="PASS">
          <params>
            <param index="0">
              <value>
                <![CDATA[org.testng.TestRunner@6ea1bcdc]]>
              </value>
            </param>
          </params>
          <reporter-output>
          </reporter-output>
        </test-method> <!-- setUpClass -->
        <test-method signature="runScenario(io.cucumber.testng.PickleWrapper,io.cucumber.testng.FeatureWrapper)[pri:0, instance:walmart.mobileautomation.runners.TestRunner@4466af20]" started-at="2025-06-13T03:47:17 IST" name="runScenario" description="Runs Cucumber Scenarios" data-provider="scenarios" finished-at="2025-06-13T03:47:17 IST" duration-ms="53" status="PASS">
          <params>
            <param index="0">
              <value>
                <![CDATA["Start Appium Server"]]>
              </value>
            </param>
            <param index="1">
              <value>
                <![CDATA["Title of your feature"]]>
              </value>
            </param>
          </params>
          <reporter-output>
          </reporter-output>
        </test-method> <!-- runScenario -->
        <test-method is-config="true" signature="tearDownClass()[pri:0, instance:walmart.mobileautomation.runners.TestRunner@4466af20]" started-at="2025-06-13T03:47:17 IST" name="tearDownClass" finished-at="2025-06-13T03:47:17 IST" duration-ms="21" status="PASS">
          <reporter-output>
          </reporter-output>
        </test-method> <!-- tearDownClass -->
      </class> <!-- walmart.mobileautomation.runners.TestRunner -->
    </test> <!-- Default test -->
  </suite> <!-- Default suite -->
</testng-results>
