<?xml version="1.0" encoding="UTF-8"?>
<testng-results ignored="0" total="1" passed="1" failed="0" skipped="0">
  <reporter-output>
  </reporter-output>
  <suite started-at="2025-06-13T04:29:30 IST" name="Default suite" finished-at="2025-06-13T04:29:46 IST" duration-ms="16763">
    <groups>
    </groups>
    <test started-at="2025-06-13T04:29:30 IST" name="Default test" finished-at="2025-06-13T04:29:46 IST" duration-ms="16763">
      <class name="walmart.mobileautomation.utils.StartServer">
        <test-method signature="StartMyAppiumServer()[pri:0, instance:walmart.mobileautomation.utils.StartServer@3911c2a7]" started-at="2025-06-13T04:29:30 IST" name="StartMyAppiumServer" finished-at="2025-06-13T04:29:46 IST" duration-ms="16748" status="PASS">
          <reporter-output>
          </reporter-output>
        </test-method> <!-- StartMyAppiumServer -->
      </class> <!-- walmart.mobileautomation.utils.StartServer -->
    </test> <!-- Default test -->
  </suite> <!-- Default suite -->
</testng-results>
